{"synthetic": false,
 "outputs":
 {"o": ["1081834219059241014"],
  "i": "10301512408419024610",
  "c": "3412564390319266301"},
 "log":
 [{"message":
   ".> LEAN_PATH=/home/oscar/projects/modal logic/Lean_val/Modal/.lake/packages/Cli/.lake/build/lib/lean:/home/oscar/projects/modal logic/Lean_val/Modal/.lake/packages/batteries/.lake/build/lib/lean:/home/oscar/projects/modal logic/Lean_val/Modal/.lake/packages/Qq/.lake/build/lib/lean:/home/oscar/projects/modal logic/Lean_val/Modal/.lake/packages/aesop/.lake/build/lib/lean:/home/oscar/projects/modal logic/Lean_val/Modal/.lake/packages/proofwidgets/.lake/build/lib/lean:/home/oscar/projects/modal logic/Lean_val/Modal/.lake/packages/importGraph/.lake/build/lib/lean:/home/oscar/projects/modal logic/Lean_val/Modal/.lake/packages/LeanSearchClient/.lake/build/lib/lean:/home/oscar/projects/modal logic/Lean_val/Modal/.lake/packages/plausible/.lake/build/lib/lean:/home/oscar/projects/modal logic/Lean_val/Modal/.lake/packages/mathlib/.lake/build/lib/lean:/home/oscar/projects/modal logic/Lean_val/Modal/.lake/build/lib/lean /home/oscar/.elan/toolchains/leanprover--lean4---v4.24.0/bin/lean /home/oscar/projects/modal logic/Lean_val/Modal/Modal/modal/sound_complete/M_upnbhd.lean -o /home/oscar/projects/modal logic/Lean_val/Modal/.lake/build/lib/lean/Modal/modal/sound_complete/M_upnbhd.olean -i /home/oscar/projects/modal logic/Lean_val/Modal/.lake/build/lib/lean/Modal/modal/sound_complete/M_upnbhd.ilean -c /home/oscar/projects/modal logic/Lean_val/Modal/.lake/build/ir/Modal/modal/sound_complete/M_upnbhd.c --setup /home/oscar/projects/modal logic/Lean_val/Modal/.lake/build/ir/Modal/modal/sound_complete/M_upnbhd.setup.json --json",
   "level": "trace"},
  {"message":
   "Modal/modal/sound_complete/M_upnbhd.lean:13:8: declaration uses 'sorry'",
   "level": "warning"},
  {"message":
   "Modal/modal/sound_complete/M_upnbhd.lean:17:8: declaration uses 'sorry'",
   "level": "warning"}],
 "inputs":
 [["Modal.modal.sound_complete.M_upnbhd:deps",
   [["deps",
     [["modal/Modal:extraDep", [["@modal:extraDep", "1723"]]],
      ["imports",
       [["Modal.modal.models.nbhd transitive imports (legacy)",
         "10343891600964189743"],
        ["Modal.modal.models.nbhd:importAllArts", "4646868321667824225"],
        ["Modal.modal.proof_systems.E_proof transitive imports (legacy)",
         "913570850181327361"],
        ["Modal.modal.proof_systems.E_proof:importAllArts",
         "13158275519547640430"]]]]],
    ["libs",
     [["import dynlibs", "1723"],
      ["package external libraries", "1723"],
      ["module dynlibs", "1723"],
      ["module plugins", "1723"]]]]],
  ["Lean 4.24.0, commit 797c613eb9b6d4ec95db23e3e00af9ac6657f24b",
   "1165570713881806064"],
  ["/home/oscar/projects/modal logic/Lean_val/Modal/Modal/modal/sound_complete/M_upnbhd.lean",
   "15014889742027134371"],
  ["options",
   [["-DmaxSynthPendingDepth=3", "14379489197236848084"],
    ["-Dweak.linter.mathlibStandardSet=true", "9949955268809796418"],
    ["-DrelaxedAutoImplicit=false", "8404479228809428608"],
    ["-Dpp.unicode.fun=true", "11210593074386665387"],
    ["-DautoImplicit=false", "5369888039164004816"]]],
  ["Module.leanArgs: #[]", "1723"]],
 "depHash": "11450444179472789182"}