{"synthetic": false,
 "outputs":
 {"o": ["16222747247410892175"],
  "i": "5577765894055651554",
  "c": "9431781189062245632"},
 "log":
 [{"message":
   ".> LEAN_PATH=/home/oscar/projects/modal logic/Lean_val/.lake/packages/Cli/.lake/build/lib/lean:/home/oscar/projects/modal logic/Lean_val/.lake/packages/batteries/.lake/build/lib/lean:/home/oscar/projects/modal logic/Lean_val/.lake/packages/Qq/.lake/build/lib/lean:/home/oscar/projects/modal logic/Lean_val/.lake/packages/aesop/.lake/build/lib/lean:/home/oscar/projects/modal logic/Lean_val/.lake/packages/proofwidgets/.lake/build/lib/lean:/home/oscar/projects/modal logic/Lean_val/.lake/packages/importGraph/.lake/build/lib/lean:/home/oscar/projects/modal logic/Lean_val/.lake/packages/LeanSearchClient/.lake/build/lib/lean:/home/oscar/projects/modal logic/Lean_val/.lake/packages/plausible/.lake/build/lib/lean:/home/oscar/projects/modal logic/Lean_val/.lake/packages/mathlib/.lake/build/lib/lean:/home/oscar/projects/modal logic/Lean_val/.lake/build/lib/lean /home/oscar/.elan/toolchains/leanprover--lean4---v4.24.0/bin/lean /home/oscar/projects/modal logic/Lean_val/Modal/modal/models/kripke.lean -o /home/oscar/projects/modal logic/Lean_val/.lake/build/lib/lean/Modal/modal/models/kripke.olean -i /home/oscar/projects/modal logic/Lean_val/.lake/build/lib/lean/Modal/modal/models/kripke.ilean -c /home/oscar/projects/modal logic/Lean_val/.lake/build/ir/Modal/modal/models/kripke.c --setup /home/oscar/projects/modal logic/Lean_val/.lake/build/ir/Modal/modal/models/kripke.setup.json --json",
   "level": "trace"}],
 "inputs":
 [["Modal.modal.models.kripke:deps",
   [["deps",
     [["modal/Modal:extraDep", [["@modal:extraDep", "1723"]]],
      ["imports",
       [["Modal.modal.common.formula transitive imports (legacy)",
         "11728803140776638579"],
        ["Modal.modal.common.formula:importAllArts", "1528615648925416001"]]]]],
    ["libs",
     [["import dynlibs", "1723"],
      ["package external libraries", "1723"],
      ["module dynlibs", "1723"],
      ["module plugins", "1723"]]]]],
  ["Lean 4.24.0, commit 797c613eb9b6d4ec95db23e3e00af9ac6657f24b",
   "1165570713881806064"],
  ["/home/oscar/projects/modal logic/Lean_val/Modal/modal/models/kripke.lean",
   "2540776318307849504"],
  ["options",
   [["-DmaxSynthPendingDepth=3", "14379489197236848084"],
    ["-Dweak.linter.mathlibStandardSet=true", "9949955268809796418"],
    ["-DrelaxedAutoImplicit=false", "8404479228809428608"],
    ["-Dpp.unicode.fun=true", "11210593074386665387"],
    ["-DautoImplicit=false", "5369888039164004816"]]],
  ["Module.leanArgs: #[]", "1723"]],
 "depHash": "15356934797818123971"}