{"synthetic": false,
 "outputs":
 {"o": ["10114719274499411588"],
  "i": "15120884372641611727",
  "c": "14952741986993358679"},
 "log":
 [{"message":
   ".> LEAN_PATH=/home/oscar/projects/modal logic/Lean_val/Modal/.lake/packages/Cli/.lake/build/lib/lean:/home/oscar/projects/modal logic/Lean_val/Modal/.lake/packages/batteries/.lake/build/lib/lean:/home/oscar/projects/modal logic/Lean_val/Modal/.lake/packages/Qq/.lake/build/lib/lean:/home/oscar/projects/modal logic/Lean_val/Modal/.lake/packages/aesop/.lake/build/lib/lean:/home/oscar/projects/modal logic/Lean_val/Modal/.lake/packages/proofwidgets/.lake/build/lib/lean:/home/oscar/projects/modal logic/Lean_val/Modal/.lake/packages/importGraph/.lake/build/lib/lean:/home/oscar/projects/modal logic/Lean_val/Modal/.lake/packages/LeanSearchClient/.lake/build/lib/lean:/home/oscar/projects/modal logic/Lean_val/Modal/.lake/packages/plausible/.lake/build/lib/lean:/home/oscar/projects/modal logic/Lean_val/Modal/.lake/packages/mathlib/.lake/build/lib/lean:/home/oscar/projects/modal logic/Lean_val/Modal/.lake/build/lib/lean /home/oscar/.elan/toolchains/leanprover--lean4---v4.24.0/bin/lean /home/oscar/projects/modal logic/Lean_val/Modal/Modal/modal/proof_systems/M_proof.lean -o /home/oscar/projects/modal logic/Lean_val/Modal/.lake/build/lib/lean/Modal/modal/proof_systems/M_proof.olean -i /home/oscar/projects/modal logic/Lean_val/Modal/.lake/build/lib/lean/Modal/modal/proof_systems/M_proof.ilean -c /home/oscar/projects/modal logic/Lean_val/Modal/.lake/build/ir/Modal/modal/proof_systems/M_proof.c --setup /home/oscar/projects/modal logic/Lean_val/Modal/.lake/build/ir/Modal/modal/proof_systems/M_proof.setup.json --json",
   "level": "trace"}],
 "inputs":
 [["Modal.modal.proof_systems.M_proof:deps",
   [["deps",
     [["modal/Modal:extraDep", [["@modal:extraDep", "1723"]]],
      ["imports",
       [["Modal.cpl.proof transitive imports (legacy)", "6240359173654921920"],
        ["Modal.cpl.proof:importAllArts", "13210780359065300691"],
        ["Modal.modal.common.formula transitive imports (legacy)",
         "11728803140776638579"],
        ["Modal.modal.common.formula:importAllArts", "1528615648925416001"],
        ["Modal.modal.common.axioms_rules transitive imports (legacy)",
         "3669523524040929801"],
        ["Modal.modal.common.axioms_rules:importAllArts",
         "13135046494267538792"]]]]],
    ["libs",
     [["import dynlibs", "1723"],
      ["package external libraries", "1723"],
      ["module dynlibs", "1723"],
      ["module plugins", "1723"]]]]],
  ["Lean 4.24.0, commit 797c613eb9b6d4ec95db23e3e00af9ac6657f24b",
   "1165570713881806064"],
  ["/home/oscar/projects/modal logic/Lean_val/Modal/Modal/modal/proof_systems/M_proof.lean",
   "6797063741333053044"],
  ["options",
   [["-DmaxSynthPendingDepth=3", "14379489197236848084"],
    ["-Dweak.linter.mathlibStandardSet=true", "9949955268809796418"],
    ["-DrelaxedAutoImplicit=false", "8404479228809428608"],
    ["-Dpp.unicode.fun=true", "11210593074386665387"],
    ["-DautoImplicit=false", "5369888039164004816"]]],
  ["Module.leanArgs: #[]", "1723"]],
 "depHash": "15238339003180411007"}