{"synthetic": false,
 "outputs":
 {"o": ["17070036463536300688"],
  "i": "1542697900879338520",
  "c": "5951475455042441996"},
 "log":
 [{"message":
   ".> LEAN_PATH=/home/oscar/projects/modal logic/Lean_val/Modal/.lake/packages/Cli/.lake/build/lib/lean:/home/oscar/projects/modal logic/Lean_val/Modal/.lake/packages/batteries/.lake/build/lib/lean:/home/oscar/projects/modal logic/Lean_val/Modal/.lake/packages/Qq/.lake/build/lib/lean:/home/oscar/projects/modal logic/Lean_val/Modal/.lake/packages/aesop/.lake/build/lib/lean:/home/oscar/projects/modal logic/Lean_val/Modal/.lake/packages/proofwidgets/.lake/build/lib/lean:/home/oscar/projects/modal logic/Lean_val/Modal/.lake/packages/importGraph/.lake/build/lib/lean:/home/oscar/projects/modal logic/Lean_val/Modal/.lake/packages/LeanSearchClient/.lake/build/lib/lean:/home/oscar/projects/modal logic/Lean_val/Modal/.lake/packages/plausible/.lake/build/lib/lean:/home/oscar/projects/modal logic/Lean_val/Modal/.lake/packages/mathlib/.lake/build/lib/lean:/home/oscar/projects/modal logic/Lean_val/Modal/.lake/build/lib/lean /home/oscar/.elan/toolchains/leanprover--lean4---v4.24.0/bin/lean /home/oscar/projects/modal logic/Lean_val/Modal/Modal/modal/common/formula.lean -o /home/oscar/projects/modal logic/Lean_val/Modal/.lake/build/lib/lean/Modal/modal/common/formula.olean -i /home/oscar/projects/modal logic/Lean_val/Modal/.lake/build/lib/lean/Modal/modal/common/formula.ilean -c /home/oscar/projects/modal logic/Lean_val/Modal/.lake/build/ir/Modal/modal/common/formula.c --setup /home/oscar/projects/modal logic/Lean_val/Modal/.lake/build/ir/Modal/modal/common/formula.setup.json --json",
   "level": "trace"}],
 "inputs":
 [["Modal.modal.common.formula:deps",
   [["deps",
     [["modal/Modal:extraDep", [["@modal:extraDep", "1723"]]],
      ["imports",
       [["Modal.modal.common.syntax transitive imports (legacy)",
         "8620483420377406689"],
        ["Modal.modal.common.syntax:importAllArts", "15493874895045328357"],
        ["Modal.common.logic transitive imports (legacy)",
         "3039439660394350720"],
        ["Modal.common.logic:importAllArts", "12895855200092265947"],
        ["Modal.cpl.syntax transitive imports (legacy)", "1723"],
        ["Modal.cpl.syntax:importAllArts", "15487507873368154853"],
        ["Modal.cpl.formula transitive imports (legacy)",
         "16043457904337284658"],
        ["Modal.cpl.formula:importAllArts", "1444146037716628762"]]]]],
    ["libs",
     [["import dynlibs", "1723"],
      ["package external libraries", "1723"],
      ["module dynlibs", "1723"],
      ["module plugins", "1723"]]]]],
  ["Lean 4.24.0, commit 797c613eb9b6d4ec95db23e3e00af9ac6657f24b",
   "1165570713881806064"],
  ["/home/oscar/projects/modal logic/Lean_val/Modal/Modal/modal/common/formula.lean",
   "15913800607347625214"],
  ["options",
   [["-DmaxSynthPendingDepth=3", "14379489197236848084"],
    ["-Dweak.linter.mathlibStandardSet=true", "9949955268809796418"],
    ["-DrelaxedAutoImplicit=false", "8404479228809428608"],
    ["-Dpp.unicode.fun=true", "11210593074386665387"],
    ["-DautoImplicit=false", "5369888039164004816"]]],
  ["Module.leanArgs: #[]", "1723"]],
 "depHash": "4316829652049909822"}