{"synthetic": false,
 "outputs":
 {"o": ["5544862579635249820"],
  "i": "13658412329889890741",
  "c": "1119789614432512279"},
 "log":
 [{"message":
   ".> LEAN_PATH=/home/oscar/projects/modal logic/Lean_val/.lake/packages/Cli/.lake/build/lib/lean:/home/oscar/projects/modal logic/Lean_val/.lake/packages/batteries/.lake/build/lib/lean:/home/oscar/projects/modal logic/Lean_val/.lake/packages/Qq/.lake/build/lib/lean:/home/oscar/projects/modal logic/Lean_val/.lake/packages/aesop/.lake/build/lib/lean:/home/oscar/projects/modal logic/Lean_val/.lake/packages/proofwidgets/.lake/build/lib/lean:/home/oscar/projects/modal logic/Lean_val/.lake/packages/importGraph/.lake/build/lib/lean:/home/oscar/projects/modal logic/Lean_val/.lake/packages/LeanSearchClient/.lake/build/lib/lean:/home/oscar/projects/modal logic/Lean_val/.lake/packages/plausible/.lake/build/lib/lean:/home/oscar/projects/modal logic/Lean_val/.lake/packages/mathlib/.lake/build/lib/lean:/home/oscar/projects/modal logic/Lean_val/.lake/build/lib/lean /home/oscar/.elan/toolchains/leanprover--lean4---v4.24.0/bin/lean /home/oscar/projects/modal logic/Lean_val/Modal.lean -o /home/oscar/projects/modal logic/Lean_val/.lake/build/lib/lean/Modal.olean -i /home/oscar/projects/modal logic/Lean_val/.lake/build/lib/lean/Modal.ilean -c /home/oscar/projects/modal logic/Lean_val/.lake/build/ir/Modal.c --setup /home/oscar/projects/modal logic/Lean_val/.lake/build/ir/Modal.setup.json --json",
   "level": "trace"}],
 "inputs":
 [["Modal:deps",
   [["deps",
     [["modal/Modal:extraDep", [["@modal:extraDep", "1723"]]],
      ["imports",
       [["Modal.common.inference_rule transitive imports (legacy)", "1723"],
        ["Modal.common.inference_rule:importAllArts", "15264132457848713809"],
        ["Modal.common.logic transitive imports (legacy)",
         "3039439660394350720"],
        ["Modal.common.logic:importAllArts", "12895855200092265947"],
        ["Modal.cpl.formula transitive imports (legacy)",
         "16043457904337284658"],
        ["Modal.cpl.formula:importAllArts", "1444146037716628762"],
        ["Modal.cpl.proof transitive imports (legacy)", "6240359173654921920"],
        ["Modal.cpl.proof:importAllArts", "180278030694412554"],
        ["Modal.cpl.syntax transitive imports (legacy)", "1723"],
        ["Modal.cpl.syntax:importAllArts", "15487507873368154853"],
        ["Modal.modal.common.axioms_rules transitive imports (legacy)",
         "3669523524040929801"],
        ["Modal.modal.common.axioms_rules:importAllArts",
         "13135046494267538792"],
        ["Modal.modal.common.formula transitive imports (legacy)",
         "11728803140776638579"],
        ["Modal.modal.common.formula:importAllArts", "1528615648925416001"],
        ["Modal.modal.common.syntax transitive imports (legacy)",
         "8620483420377406689"],
        ["Modal.modal.common.syntax:importAllArts", "15493874895045328357"],
        ["Modal.modal.proof_systems.K_proof transitive imports (legacy)",
         "9805499490411762792"],
        ["Modal.modal.proof_systems.K_proof:importAllArts",
         "7086392428592066728"],
        ["Modal.modal.proof_systems.E_proof transitive imports (legacy)",
         "9805499490411762792"],
        ["Modal.modal.proof_systems.E_proof:importAllArts",
         "13158275519547640430"],
        ["Modal.modal.proof_systems.M_proof transitive imports (legacy)",
         "9805499490411762792"],
        ["Modal.modal.proof_systems.M_proof:importAllArts",
         "1661307839785429099"],
        ["Modal.modal.models.dual transitive imports (legacy)",
         "10343891600964189743"],
        ["Modal.modal.models.dual:importAllArts", "5554072551084157115"],
        ["Modal.modal.models.kripke transitive imports (legacy)",
         "10343891600964189743"],
        ["Modal.modal.models.kripke:importAllArts", "4173062282575052714"],
        ["Modal.modal.models.nbhd transitive imports (legacy)",
         "10343891600964189743"],
        ["Modal.modal.models.nbhd:importAllArts", "4646868321667824225"],
        ["Modal.modal.sound_complete.E_nbhd transitive imports (legacy)",
         "13614669451527930827"],
        ["Modal.modal.sound_complete.E_nbhd:importAllArts",
         "5885765216290339196"],
        ["Modal.modal.sound_complete.K_kripke transitive imports (legacy)",
         "1209539461246503039"],
        ["Modal.modal.sound_complete.K_kripke:importAllArts",
         "15687188451617305492"],
        ["Modal.modal.sound_complete.M_dual transitive imports (legacy)",
         "13275397488350454073"],
        ["Modal.modal.sound_complete.M_dual:importAllArts",
         "9117329047351896144"],
        ["Modal.modal.sound_complete.M_upnbhd transitive imports (legacy)",
         "13614669451527930827"],
        ["Modal.modal.sound_complete.M_upnbhd:importAllArts",
         "16196388402504241308"]]]]],
    ["libs",
     [["import dynlibs", "1723"],
      ["package external libraries", "1723"],
      ["module dynlibs", "1723"],
      ["module plugins", "1723"]]]]],
  ["Lean 4.24.0, commit 797c613eb9b6d4ec95db23e3e00af9ac6657f24b",
   "1165570713881806064"],
  ["/home/oscar/projects/modal logic/Lean_val/Modal.lean",
   "2126528156528734166"],
  ["options",
   [["-DmaxSynthPendingDepth=3", "14379489197236848084"],
    ["-Dweak.linter.mathlibStandardSet=true", "9949955268809796418"],
    ["-DrelaxedAutoImplicit=false", "8404479228809428608"],
    ["-Dpp.unicode.fun=true", "11210593074386665387"],
    ["-DautoImplicit=false", "5369888039164004816"]]],
  ["Module.leanArgs: #[]", "1723"]],
 "depHash": "8318369408981563585"}