{"synthetic": false,
 "outputs":
 {"o": ["16995233399827288631"],
  "i": "8004561307243150597",
  "c": "15461697266679136483"},
 "log":
 [{"message":
   ".> LEAN_PATH=/home/oscar/projects/modal logic/Lean_val/Modal/.lake/packages/Cli/.lake/build/lib/lean:/home/oscar/projects/modal logic/Lean_val/Modal/.lake/packages/batteries/.lake/build/lib/lean:/home/oscar/projects/modal logic/Lean_val/Modal/.lake/packages/Qq/.lake/build/lib/lean:/home/oscar/projects/modal logic/Lean_val/Modal/.lake/packages/aesop/.lake/build/lib/lean:/home/oscar/projects/modal logic/Lean_val/Modal/.lake/packages/proofwidgets/.lake/build/lib/lean:/home/oscar/projects/modal logic/Lean_val/Modal/.lake/packages/importGraph/.lake/build/lib/lean:/home/oscar/projects/modal logic/Lean_val/Modal/.lake/packages/LeanSearchClient/.lake/build/lib/lean:/home/oscar/projects/modal logic/Lean_val/Modal/.lake/packages/plausible/.lake/build/lib/lean:/home/oscar/projects/modal logic/Lean_val/Modal/.lake/packages/mathlib/.lake/build/lib/lean:/home/oscar/projects/modal logic/Lean_val/Modal/.lake/build/lib/lean /home/oscar/.elan/toolchains/leanprover--lean4---v4.24.0/bin/lean /home/oscar/projects/modal logic/Lean_val/Modal/Modal/modal/sound_complete/K_kripke.lean -o /home/oscar/projects/modal logic/Lean_val/Modal/.lake/build/lib/lean/Modal/modal/sound_complete/K_kripke.olean -i /home/oscar/projects/modal logic/Lean_val/Modal/.lake/build/lib/lean/Modal/modal/sound_complete/K_kripke.ilean -c /home/oscar/projects/modal logic/Lean_val/Modal/.lake/build/ir/Modal/modal/sound_complete/K_kripke.c --setup /home/oscar/projects/modal logic/Lean_val/Modal/.lake/build/ir/Modal/modal/sound_complete/K_kripke.setup.json --json",
   "level": "trace"},
  {"message":
   "Modal/modal/sound_complete/K_kripke.lean:12:8: declaration uses 'sorry'",
   "level": "warning"},
  {"message":
   "Modal/modal/sound_complete/K_kripke.lean:16:8: declaration uses 'sorry'",
   "level": "warning"}],
 "inputs":
 [["Modal.modal.sound_complete.K_kripke:deps",
   [["deps",
     [["modal/Modal:extraDep", [["@modal:extraDep", "1723"]]],
      ["imports",
       [["Modal.modal.models.kripke transitive imports (legacy)",
         "10343891600964189743"],
        ["Modal.modal.models.kripke:importAllArts", "4173062282575052714"],
        ["Modal.modal.proof_systems.K_proof transitive imports (legacy)",
         "913570850181327361"],
        ["Modal.modal.proof_systems.K_proof:importAllArts",
         "7086392428592066728"]]]]],
    ["libs",
     [["import dynlibs", "1723"],
      ["package external libraries", "1723"],
      ["module dynlibs", "1723"],
      ["module plugins", "1723"]]]]],
  ["Lean 4.24.0, commit 797c613eb9b6d4ec95db23e3e00af9ac6657f24b",
   "1165570713881806064"],
  ["/home/oscar/projects/modal logic/Lean_val/Modal/Modal/modal/sound_complete/K_kripke.lean",
   "9244974379296295198"],
  ["options",
   [["-DmaxSynthPendingDepth=3", "14379489197236848084"],
    ["-Dweak.linter.mathlibStandardSet=true", "9949955268809796418"],
    ["-DrelaxedAutoImplicit=false", "8404479228809428608"],
    ["-Dpp.unicode.fun=true", "11210593074386665387"],
    ["-DautoImplicit=false", "5369888039164004816"]]],
  ["Module.leanArgs: #[]", "1723"]],
 "depHash": "15252244821781868928"}