{"synthetic": false,
 "outputs":
 {"o": ["6923295185854994695"],
  "i": "10036102277308692042",
  "c": "17902813725829573564"},
 "log":
 [{"message":
   ".> LEAN_PATH=/home/oscar/projects/modal logic/Lean_val/.lake/packages/Cli/.lake/build/lib/lean:/home/oscar/projects/modal logic/Lean_val/.lake/packages/batteries/.lake/build/lib/lean:/home/oscar/projects/modal logic/Lean_val/.lake/packages/Qq/.lake/build/lib/lean:/home/oscar/projects/modal logic/Lean_val/.lake/packages/aesop/.lake/build/lib/lean:/home/oscar/projects/modal logic/Lean_val/.lake/packages/proofwidgets/.lake/build/lib/lean:/home/oscar/projects/modal logic/Lean_val/.lake/packages/importGraph/.lake/build/lib/lean:/home/oscar/projects/modal logic/Lean_val/.lake/packages/LeanSearchClient/.lake/build/lib/lean:/home/oscar/projects/modal logic/Lean_val/.lake/packages/plausible/.lake/build/lib/lean:/home/oscar/projects/modal logic/Lean_val/.lake/packages/mathlib/.lake/build/lib/lean:/home/oscar/projects/modal logic/Lean_val/.lake/build/lib/lean /home/oscar/.elan/toolchains/leanprover--lean4---v4.24.0/bin/lean /home/oscar/projects/modal logic/Lean_val/Modal/modal/sound_complete/M_dual.lean -o /home/oscar/projects/modal logic/Lean_val/.lake/build/lib/lean/Modal/modal/sound_complete/M_dual.olean -i /home/oscar/projects/modal logic/Lean_val/.lake/build/lib/lean/Modal/modal/sound_complete/M_dual.ilean -c /home/oscar/projects/modal logic/Lean_val/.lake/build/ir/Modal/modal/sound_complete/M_dual.c --setup /home/oscar/projects/modal logic/Lean_val/.lake/build/ir/Modal/modal/sound_complete/M_dual.setup.json --json",
   "level": "trace"},
  {"message":
   "Modal/modal/sound_complete/M_dual.lean:549:8: declaration uses 'sorry'",
   "level": "warning"}],
 "inputs":
 [["Modal.modal.sound_complete.M_dual:deps",
   [["deps",
     [["modal/Modal:extraDep", [["@modal:extraDep", "1723"]]],
      ["imports",
       [["Modal.modal.models.dual transitive imports (legacy)",
         "10343891600964189743"],
        ["Modal.modal.models.dual:importAllArts", "5554072551084157115"],
        ["Modal.modal.proof_systems.M_proof transitive imports (legacy)",
         "9805499490411762792"],
        ["Modal.modal.proof_systems.M_proof:importAllArts",
         "1661307839785429099"],
        ["Modal.cpl.proof transitive imports (legacy)", "6240359173654921920"],
        ["Modal.cpl.proof:importAllArts", "180278030694412554"]]]]],
    ["libs",
     [["import dynlibs", "1723"],
      ["package external libraries", "1723"],
      ["module dynlibs", "1723"],
      ["module plugins", "1723"]]]]],
  ["Lean 4.24.0, commit 797c613eb9b6d4ec95db23e3e00af9ac6657f24b",
   "1165570713881806064"],
  ["/home/oscar/projects/modal logic/Lean_val/Modal/modal/sound_complete/M_dual.lean",
   "518860015869351613"],
  ["options",
   [["-DmaxSynthPendingDepth=3", "14379489197236848084"],
    ["-Dweak.linter.mathlibStandardSet=true", "9949955268809796418"],
    ["-DrelaxedAutoImplicit=false", "8404479228809428608"],
    ["-Dpp.unicode.fun=true", "11210593074386665387"],
    ["-DautoImplicit=false", "5369888039164004816"]]],
  ["Module.leanArgs: #[]", "1723"]],
 "depHash": "9257167242213012110"}