{"synthetic": false,
 "outputs":
 {"o": ["5366908888693832391"],
  "i": "868151553213285097",
  "c": "18037141940239559738"},
 "log":
 [{"message":
   ".> LEAN_PATH=/home/oscar/projects/modal logic/Lean_val/Modal/.lake/packages/Cli/.lake/build/lib/lean:/home/oscar/projects/modal logic/Lean_val/Modal/.lake/packages/batteries/.lake/build/lib/lean:/home/oscar/projects/modal logic/Lean_val/Modal/.lake/packages/Qq/.lake/build/lib/lean:/home/oscar/projects/modal logic/Lean_val/Modal/.lake/packages/aesop/.lake/build/lib/lean:/home/oscar/projects/modal logic/Lean_val/Modal/.lake/packages/proofwidgets/.lake/build/lib/lean:/home/oscar/projects/modal logic/Lean_val/Modal/.lake/packages/importGraph/.lake/build/lib/lean:/home/oscar/projects/modal logic/Lean_val/Modal/.lake/packages/LeanSearchClient/.lake/build/lib/lean:/home/oscar/projects/modal logic/Lean_val/Modal/.lake/packages/plausible/.lake/build/lib/lean:/home/oscar/projects/modal logic/Lean_val/Modal/.lake/packages/mathlib/.lake/build/lib/lean:/home/oscar/projects/modal logic/Lean_val/Modal/.lake/build/lib/lean /home/oscar/.elan/toolchains/leanprover--lean4---v4.24.0/bin/lean /home/oscar/projects/modal logic/Lean_val/Modal/Modal/cpl/proof.lean -o /home/oscar/projects/modal logic/Lean_val/Modal/.lake/build/lib/lean/Modal/cpl/proof.olean -i /home/oscar/projects/modal logic/Lean_val/Modal/.lake/build/lib/lean/Modal/cpl/proof.ilean -c /home/oscar/projects/modal logic/Lean_val/Modal/.lake/build/ir/Modal/cpl/proof.c --setup /home/oscar/projects/modal logic/Lean_val/Modal/.lake/build/ir/Modal/cpl/proof.setup.json --json",
   "level": "trace"},
  {"message": "Modal/cpl/proof.lean:8:4: declaration uses 'sorry'",
   "level": "warning"},
  {"message": "Modal/cpl/proof.lean:12:4: declaration uses 'sorry'",
   "level": "warning"},
  {"message": "Modal/cpl/proof.lean:17:8: declaration uses 'sorry'",
   "level": "warning"},
  {"message": "Modal/cpl/proof.lean:21:8: declaration uses 'sorry'",
   "level": "warning"}],
 "inputs":
 [["Modal.cpl.proof:deps",
   [["deps",
     [["modal/Modal:extraDep", [["@modal:extraDep", "1723"]]],
      ["imports",
       [["Mathlib.Data.Set.Basic transitive imports (legacy)",
         "2691308835610079112"],
        ["Mathlib.Data.Set.Basic:importAllArts", "755438939901160768"],
        ["Modal.common.logic transitive imports (legacy)",
         "3039439660394350720"],
        ["Modal.common.logic:importAllArts", "12895855200092265947"],
        ["Modal.cpl.formula transitive imports (legacy)",
         "16043457904337284658"],
        ["Modal.cpl.formula:importAllArts", "1444146037716628762"]]]]],
    ["libs",
     [["import dynlibs", "1723"],
      ["package external libraries", "1723"],
      ["module dynlibs", "1723"],
      ["module plugins", "1723"]]]]],
  ["Lean 4.24.0, commit 797c613eb9b6d4ec95db23e3e00af9ac6657f24b",
   "1165570713881806064"],
  ["/home/oscar/projects/modal logic/Lean_val/Modal/Modal/cpl/proof.lean",
   "12315679720946487859"],
  ["options",
   [["-DmaxSynthPendingDepth=3", "14379489197236848084"],
    ["-Dweak.linter.mathlibStandardSet=true", "9949955268809796418"],
    ["-DrelaxedAutoImplicit=false", "8404479228809428608"],
    ["-Dpp.unicode.fun=true", "11210593074386665387"],
    ["-DautoImplicit=false", "5369888039164004816"]]],
  ["Module.leanArgs: #[]", "1723"]],
 "depHash": "3557877346720781968"}