{"synthetic": false,
 "outputs":
 {"o": ["8631388903458382184"],
  "i": "2388784825566870802",
  "c": "17884386533337948296"},
 "log":
 [{"message":
   ".> LEAN_PATH=/home/oscar/projects/modal logic/Lean_val/.lake/packages/Cli/.lake/build/lib/lean:/home/oscar/projects/modal logic/Lean_val/.lake/packages/batteries/.lake/build/lib/lean:/home/oscar/projects/modal logic/Lean_val/.lake/packages/Qq/.lake/build/lib/lean:/home/oscar/projects/modal logic/Lean_val/.lake/packages/aesop/.lake/build/lib/lean:/home/oscar/projects/modal logic/Lean_val/.lake/packages/proofwidgets/.lake/build/lib/lean:/home/oscar/projects/modal logic/Lean_val/.lake/packages/importGraph/.lake/build/lib/lean:/home/oscar/projects/modal logic/Lean_val/.lake/packages/LeanSearchClient/.lake/build/lib/lean:/home/oscar/projects/modal logic/Lean_val/.lake/packages/plausible/.lake/build/lib/lean:/home/oscar/projects/modal logic/Lean_val/.lake/packages/mathlib/.lake/build/lib/lean:/home/oscar/projects/modal logic/Lean_val/.lake/build/lib/lean /home/oscar/.elan/toolchains/leanprover--lean4---v4.24.0-rc1/bin/lean /home/oscar/projects/modal logic/Lean_val/Modal/common/inference.lean -o /home/oscar/projects/modal logic/Lean_val/.lake/build/lib/lean/Modal/common/inference.olean -i /home/oscar/projects/modal logic/Lean_val/.lake/build/lib/lean/Modal/common/inference.ilean -c /home/oscar/projects/modal logic/Lean_val/.lake/build/ir/Modal/common/inference.c --setup /home/oscar/projects/modal logic/Lean_val/.lake/build/ir/Modal/common/inference.setup.json --json",
   "level": "trace"}],
 "inputs":
 [["Modal.common.inference:deps",
   [["deps",
     [["modal/Modal:extraDep", [["@modal:extraDep", "1723"]]],
      ["imports", "1723"]]],
    ["libs",
     [["import dynlibs", "1723"],
      ["package external libraries", "1723"],
      ["module dynlibs", "1723"],
      ["module plugins", "1723"]]]]],
  ["Lean 4.24.0, commit 919e297292280cdb27598edd4e03437be5850221",
   "16820442660988836695"],
  ["/home/oscar/projects/modal logic/Lean_val/Modal/common/inference.lean",
   "5365790059603576690"],
  ["options",
   [["-DmaxSynthPendingDepth=3", "14379489197236848084"],
    ["-Dweak.linter.mathlibStandardSet=true", "9949955268809796418"],
    ["-DrelaxedAutoImplicit=false", "8404479228809428608"],
    ["-Dpp.unicode.fun=true", "11210593074386665387"],
    ["-DautoImplicit=false", "5369888039164004816"]]],
  ["Module.leanArgs: #[]", "1723"]],
 "depHash": "13787275921567673505"}